1: process 2 (pid  5418, parent  5416) has STARTED with balance $20
1: process 2 received all STARTED messages
1: process 2 received $ 1 from process 1
1: process 3 (pid  5419, parent  5416) has STARTED with balance $30
1: process 3 received all STARTED messages
2: process 3 received $ 2 from process 2
1: process 4 (pid  5420, parent  5416) has STARTED with balance $40
1: process 4 received all STARTED messages
3: process 4 received $ 3 from process 3
1: process 5 (pid  5421, parent  5416) has STARTED with balance $90
1: process 5 received all STARTED messages
4: process 5 received $ 4 from process 4
1: process 1 (pid  5417, parent  5416) has STARTED with balance $10
1: process 1 received all STARTED messages
1: process 1 transferred $ 1 to process 2
5: process 1 received $ 1 from process 5
5: process 1 has DONE with balance $10
1: process 5 received all DONE messages
2: process 2 transferred $ 2 to process 3
5: process 2 has DONE with balance $19
2: process 5 received all DONE messages
3: process 3 transferred $ 3 to process 4
5: process 3 has DONE with balance $29
3: process 5 received all DONE messages
4: process 4 transferred $ 4 to process 5
5: process 4 has DONE with balance $39
4: process 5 received all DONE messages
5: process 5 transferred $ 1 to process 1
5: process 5 has DONE with balance $93
5: process 5 received all DONE messages
0: process 0 received all STARTED messages
